Using pre-set license
Built from '2020.3/staging' branch; Version is '2020.3.5f1 (8095aa901b9b) revision 8426922'; Using compiler version '192528614'; Build Type 'Release'
OS: 'Windows 10 Pro; OS build 19042.928; Version 2009; 64bit' Language: 'en' Physical Memory: 32705 MB
BatchMode: 1, IsHumanControllingUs: 0, StartBugReporterOnCrash: 0, Is64bit: 1, IsPro: 0

 COMMAND LINE ARGUMENTS:
C:\Program Files\Unity\Hub\Editor\2020.3.5f1\Editor\Unity.exe
-adb2
-batchMode
-noUpm
-name
AssetImportWorker0
-projectPath
E:/Documents/Unity/LD48
-logFile
Logs/AssetImportWorker0.log
-srvPort
53932
Successfully changed project path to: E:/Documents/Unity/LD48
E:/Documents/Unity/LD48
Using Asset Import Pipeline V2.
Refreshing native plugins compatible for Editor in 34.51 ms, found 1 plugins.
Preloading 0 native plugins for Editor in 0.00 ms.
Initialize engine version: 2020.3.5f1 (8095aa901b9b)
[Subsystems] Discovering subsystems at path C:/Program Files/Unity/Hub/Editor/2020.3.5f1/Editor/Data/Resources/UnitySubsystems
[Subsystems] Discovering subsystems at path E:/Documents/Unity/LD48/Assets
GfxDevice: creating device client; threaded=0
Direct3D:
    Version:  Direct3D 11.0 [level 11.1]
    Renderer: NVIDIA GeForce RTX 2060 SUPER (ID=0x1f06)
    Vendor:   
    VRAM:     8031 MB
    Driver:   27.21.14.6079
Initialize mono
Mono path[0] = 'C:/Program Files/Unity/Hub/Editor/2020.3.5f1/Editor/Data/Managed'
Mono path[1] = 'C:/Program Files/Unity/Hub/Editor/2020.3.5f1/Editor/Data/MonoBleedingEdge/lib/mono/unityjit'
Mono config path = 'C:/Program Files/Unity/Hub/Editor/2020.3.5f1/Editor/Data/MonoBleedingEdge/etc'
Using monoOptions --debugger-agent=transport=dt_socket,embedding=1,server=y,suspend=n,address=127.0.0.1:56508
Begin MonoManager ReloadAssembly
Registering precompiled unity dll's ...
Register platform support module: C:/Program Files/Unity/Hub/Editor/2020.3.5f1/Editor/Data/PlaybackEngines/WebGLSupport/UnityEditor.WebGL.Extensions.dll
Register platform support module: C:/Program Files/Unity/Hub/Editor/2020.3.5f1/Editor/Data/PlaybackEngines/WindowsStandaloneSupport/UnityEditor.WindowsStandalone.Extensions.dll
Registered in 0.002041 seconds.
Native extension for WindowsStandalone target not found
Native extension for WebGL target not found
Refreshing native plugins compatible for Editor in 48.35 ms, found 1 plugins.
Preloading 0 native plugins for Editor in 0.00 ms.
Mono: successfully reloaded assembly
- Completed reload, in  1.279 seconds
Platform modules already initialized, skipping
Registering precompiled user dll's ...
Registered in 0.000738 seconds.
Begin MonoManager ReloadAssembly
Native extension for WindowsStandalone target not found
Native extension for WebGL target not found
Refreshing native plugins compatible for Editor in 65.01 ms, found 1 plugins.
Preloading 0 native plugins for Editor in 0.00 ms.
Mono: successfully reloaded assembly
- Completed reload, in  1.665 seconds
Platform modules already initialized, skipping
========================================================================
Worker process is ready to serve import requests
Launched and connected shader compiler UnityShaderCompiler.exe after 0.06 seconds
Refreshing native plugins compatible for Editor in 0.90 ms, found 1 plugins.
Preloading 0 native plugins for Editor in 0.00 ms.
Unloading 1840 Unused Serialized files (Serialized files now loaded: 0)
System memory in use before: 87.6 MB.
System memory in use after: 87.5 MB.

Unloading 24 unused Assets to reduce memory usage. Loaded Objects now: 2284.
Total: 4.360500 ms (FindLiveObjects: 0.365900 ms CreateObjectMapping: 0.416600 ms MarkObjects: 3.331900 ms  DeleteObjects: 0.244000 ms)

========================================================================
Received Import Request.
  path: Assets/Scripts/Managers/GameManager.cs
  artifactKey: Guid(aa585a0ca811c4d45ae9ea25debf6258) Importer(815301076,1909f56bfc062723c751e8b465ee728b)
Start importing Assets/Scripts/Managers/GameManager.cs using Guid(aa585a0ca811c4d45ae9ea25debf6258) Importer(815301076,1909f56bfc062723c751e8b465ee728b)  -> (artifact id: 'fe64f0fec95acb2fd60af020aff01402') in 0.054314 seconds
  Import took 0.060418 seconds .

========================================================================
Received Prepare
Registering precompiled user dll's ...
Registered in 0.001141 seconds.
Begin MonoManager ReloadAssembly
Native extension for WindowsStandalone target not found
Native extension for WebGL target not found
Refreshing native plugins compatible for Editor in 0.49 ms, found 1 plugins.
Preloading 0 native plugins for Editor in 0.00 ms.
Mono: successfully reloaded assembly
- Completed reload, in  0.797 seconds
Platform modules already initialized, skipping
Refreshing native plugins compatible for Editor in 0.53 ms, found 1 plugins.
Preloading 0 native plugins for Editor in 0.00 ms.
Unloading 1822 Unused Serialized files (Serialized files now loaded: 0)
System memory in use before: 86.3 MB.
System memory in use after: 86.2 MB.

Unloading 12 unused Assets to reduce memory usage. Loaded Objects now: 2288.
Total: 1.754100 ms (FindLiveObjects: 0.181200 ms CreateObjectMapping: 0.067400 ms MarkObjects: 1.405000 ms  DeleteObjects: 0.099600 ms)

========================================================================
Received Import Request.
  Time since last request: 4566.220961 seconds.
  path: Assets/Scripts/Managers/GameManager.cs
  artifactKey: Guid(aa585a0ca811c4d45ae9ea25debf6258) Importer(815301076,1909f56bfc062723c751e8b465ee728b)
Start importing Assets/Scripts/Managers/GameManager.cs using Guid(aa585a0ca811c4d45ae9ea25debf6258) Importer(815301076,1909f56bfc062723c751e8b465ee728b)  -> (artifact id: '9dc561da651c8d59679e3bbfa131bc9c') in 0.003847 seconds
  Import took 0.006897 seconds .

========================================================================
Received Prepare
Registering precompiled user dll's ...
Registered in 0.000711 seconds.
Begin MonoManager ReloadAssembly
Native extension for WindowsStandalone target not found
Native extension for WebGL target not found
Refreshing native plugins compatible for Editor in 0.33 ms, found 1 plugins.
Preloading 0 native plugins for Editor in 0.00 ms.
Mono: successfully reloaded assembly
- Completed reload, in  0.754 seconds
Platform modules already initialized, skipping
Refreshing native plugins compatible for Editor in 0.32 ms, found 1 plugins.
Preloading 0 native plugins for Editor in 0.00 ms.
Unloading 1822 Unused Serialized files (Serialized files now loaded: 0)
System memory in use before: 86.3 MB.
System memory in use after: 86.3 MB.

Unloading 12 unused Assets to reduce memory usage. Loaded Objects now: 2292.
Total: 2.609000 ms (FindLiveObjects: 0.303200 ms CreateObjectMapping: 0.125900 ms MarkObjects: 2.071300 ms  DeleteObjects: 0.107300 ms)

========================================================================
Received Prepare
Registering precompiled user dll's ...
Registered in 0.000765 seconds.
Begin MonoManager ReloadAssembly
Native extension for WindowsStandalone target not found
Native extension for WebGL target not found
Refreshing native plugins compatible for Editor in 0.33 ms, found 1 plugins.
Preloading 0 native plugins for Editor in 0.00 ms.
Mono: successfully reloaded assembly
- Completed reload, in  0.755 seconds
Platform modules already initialized, skipping
Refreshing native plugins compatible for Editor in 0.33 ms, found 1 plugins.
Preloading 0 native plugins for Editor in 0.00 ms.
Unloading 1822 Unused Serialized files (Serialized files now loaded: 0)
System memory in use before: 86.3 MB.
System memory in use after: 86.3 MB.

Unloading 12 unused Assets to reduce memory usage. Loaded Objects now: 2296.
Total: 2.690500 ms (FindLiveObjects: 0.173100 ms CreateObjectMapping: 0.058400 ms MarkObjects: 2.351400 ms  DeleteObjects: 0.106100 ms)

========================================================================
Received Import Request.
  Time since last request: 1005.227707 seconds.
  path: Assets/Prefabs/ThoughtBubbles/IntrusiveThought.prefab
  artifactKey: Guid(462e6d9678b6bb84c8e82646c43dd0f4) Importer(815301076,1909f56bfc062723c751e8b465ee728b)
Start importing Assets/Prefabs/ThoughtBubbles/IntrusiveThought.prefab using Guid(462e6d9678b6bb84c8e82646c43dd0f4) Importer(815301076,1909f56bfc062723c751e8b465ee728b)  -> (artifact id: 'c0652377aaabe0311af7a8618b39c19f') in 0.126176 seconds
  Import took 0.129002 seconds .

========================================================================
Received Import Request.
  Time since last request: 0.000199 seconds.
  path: Assets/Prefabs/ThoughtBubbles/Response.prefab
  artifactKey: Guid(9413fa441f8d7ef4bb37d3949baee7bc) Importer(815301076,1909f56bfc062723c751e8b465ee728b)
Start importing Assets/Prefabs/ThoughtBubbles/Response.prefab using Guid(9413fa441f8d7ef4bb37d3949baee7bc) Importer(815301076,1909f56bfc062723c751e8b465ee728b)  -> (artifact id: 'a4877be9c53060a771b6a12472d35d9c') in 0.031575 seconds
  Import took 0.034289 seconds .

========================================================================
Received Import Request.
  Time since last request: 0.004128 seconds.
  path: Assets/Prefabs/ThoughtBubbles/Response.prefab
  artifactKey: Guid(9413fa441f8d7ef4bb37d3949baee7bc) Importer(815301076,1909f56bfc062723c751e8b465ee728b)
Start importing Assets/Prefabs/ThoughtBubbles/Response.prefab using Guid(9413fa441f8d7ef4bb37d3949baee7bc) Importer(815301076,1909f56bfc062723c751e8b465ee728b)  -> (artifact id: 'a4877be9c53060a771b6a12472d35d9c') in 0.027199 seconds
  Import took 0.029931 seconds .

========================================================================
Received Import Request.
  Time since last request: 9.891191 seconds.
  path: Assets/Prefabs/ThoughtBubbles/IntrusiveThought.prefab
  artifactKey: Guid(462e6d9678b6bb84c8e82646c43dd0f4) Importer(815301076,1909f56bfc062723c751e8b465ee728b)
Start importing Assets/Prefabs/ThoughtBubbles/IntrusiveThought.prefab using Guid(462e6d9678b6bb84c8e82646c43dd0f4) Importer(815301076,1909f56bfc062723c751e8b465ee728b)  -> (artifact id: 'f7b199509f63cb56eac56640342ebee4') in 0.026670 seconds
  Import took 0.029782 seconds .

========================================================================
Received Import Request.
  Time since last request: 1.587846 seconds.
  path: Assets/Prefabs/ThoughtBubbles/IntrusiveThought.prefab
  artifactKey: Guid(462e6d9678b6bb84c8e82646c43dd0f4) Importer(815301076,1909f56bfc062723c751e8b465ee728b)
Start importing Assets/Prefabs/ThoughtBubbles/IntrusiveThought.prefab using Guid(462e6d9678b6bb84c8e82646c43dd0f4) Importer(815301076,1909f56bfc062723c751e8b465ee728b)  -> (artifact id: '651077f667f4780c373c0039b0074987') in 0.025967 seconds
  Import took 0.029366 seconds .

========================================================================
Received Prepare
Registering precompiled user dll's ...
Registered in 0.000829 seconds.
Begin MonoManager ReloadAssembly
Native extension for WindowsStandalone target not found
Native extension for WebGL target not found
Refreshing native plugins compatible for Editor in 0.33 ms, found 1 plugins.
Preloading 0 native plugins for Editor in 0.00 ms.
Mono: successfully reloaded assembly
- Completed reload, in  0.768 seconds
Platform modules already initialized, skipping
Refreshing native plugins compatible for Editor in 0.34 ms, found 1 plugins.
Preloading 0 native plugins for Editor in 0.00 ms.
Unloading 1822 Unused Serialized files (Serialized files now loaded: 0)
System memory in use before: 89.4 MB.
System memory in use after: 89.4 MB.

Unloading 12 unused Assets to reduce memory usage. Loaded Objects now: 2307.
Total: 2.845300 ms (FindLiveObjects: 0.197500 ms CreateObjectMapping: 0.071100 ms MarkObjects: 2.461400 ms  DeleteObjects: 0.114000 ms)

========================================================================
Received Prepare
Refreshing native plugins compatible for Editor in 1.23 ms, found 1 plugins.
Preloading 0 native plugins for Editor in 0.00 ms.
Unloading 10 Unused Serialized files (Serialized files now loaded: 0)
System memory in use before: 53.6 MB.
System memory in use after: 53.6 MB.

Unloading 10 unused Assets to reduce memory usage. Loaded Objects now: 2307.
Total: 1.931200 ms (FindLiveObjects: 0.211500 ms CreateObjectMapping: 0.068300 ms MarkObjects: 1.549000 ms  DeleteObjects: 0.101100 ms)

========================================================================
Received Prepare
Refreshing native plugins compatible for Editor in 1.09 ms, found 1 plugins.
Preloading 0 native plugins for Editor in 0.00 ms.
Unloading 10 Unused Serialized files (Serialized files now loaded: 0)
System memory in use before: 53.6 MB.
System memory in use after: 53.6 MB.

Unloading 10 unused Assets to reduce memory usage. Loaded Objects now: 2307.
Total: 2.491600 ms (FindLiveObjects: 0.207600 ms CreateObjectMapping: 0.064900 ms MarkObjects: 2.109700 ms  DeleteObjects: 0.107700 ms)

========================================================================
Received Prepare
Registering precompiled user dll's ...
Registered in 0.001189 seconds.
Begin MonoManager ReloadAssembly
Native extension for WindowsStandalone target not found
Native extension for WebGL target not found
Refreshing native plugins compatible for Editor in 0.33 ms, found 1 plugins.
Preloading 0 native plugins for Editor in 0.00 ms.
Mono: successfully reloaded assembly
- Completed reload, in  0.740 seconds
Platform modules already initialized, skipping
Refreshing native plugins compatible for Editor in 0.34 ms, found 1 plugins.
Preloading 0 native plugins for Editor in 0.00 ms.
Unloading 1822 Unused Serialized files (Serialized files now loaded: 0)
System memory in use before: 89.4 MB.
System memory in use after: 89.4 MB.

Unloading 12 unused Assets to reduce memory usage. Loaded Objects now: 2311.
Total: 2.479600 ms (FindLiveObjects: 0.335800 ms CreateObjectMapping: 0.132800 ms MarkObjects: 1.900500 ms  DeleteObjects: 0.108800 ms)

========================================================================
Received Prepare
Refreshing native plugins compatible for Editor in 1.16 ms, found 1 plugins.
Preloading 0 native plugins for Editor in 0.00 ms.
Unloading 10 Unused Serialized files (Serialized files now loaded: 0)
System memory in use before: 53.6 MB.
System memory in use after: 53.6 MB.

Unloading 10 unused Assets to reduce memory usage. Loaded Objects now: 2311.
Total: 1.934900 ms (FindLiveObjects: 0.184800 ms CreateObjectMapping: 0.063000 ms MarkObjects: 1.581300 ms  DeleteObjects: 0.104300 ms)

========================================================================
Received Import Request.
  Time since last request: 4162.631012 seconds.
  path: Assets/Scripts/EndScreen.cs
  artifactKey: Guid(396e724688328dc4ba5333f4f5dfaeda) Importer(815301076,1909f56bfc062723c751e8b465ee728b)
Start importing Assets/Scripts/EndScreen.cs using Guid(396e724688328dc4ba5333f4f5dfaeda) Importer(815301076,1909f56bfc062723c751e8b465ee728b)  -> (artifact id: '9cb55472e430ae2ff9767d5ab59e8a7b') in 0.006482 seconds
  Import took 0.009310 seconds .

========================================================================
Received Prepare
Registering precompiled user dll's ...
Registered in 0.000688 seconds.
Begin MonoManager ReloadAssembly
Native extension for WindowsStandalone target not found
Native extension for WebGL target not found
Refreshing native plugins compatible for Editor in 0.34 ms, found 1 plugins.
Preloading 0 native plugins for Editor in 0.00 ms.
Mono: successfully reloaded assembly
- Completed reload, in  0.759 seconds
Platform modules already initialized, skipping
Refreshing native plugins compatible for Editor in 0.32 ms, found 1 plugins.
Preloading 0 native plugins for Editor in 0.00 ms.
Unloading 1822 Unused Serialized files (Serialized files now loaded: 0)
System memory in use before: 89.5 MB.
System memory in use after: 89.4 MB.

Unloading 12 unused Assets to reduce memory usage. Loaded Objects now: 2315.
Total: 2.785800 ms (FindLiveObjects: 0.176500 ms CreateObjectMapping: 0.063800 ms MarkObjects: 2.442700 ms  DeleteObjects: 0.101700 ms)

AssetImportWorkerClient::OnTransportError - code=2 error=End of file
